<?xml version="1.0" encoding="UTF-8"?>
<coverage generated="1763684640929" clover="3.2.0">
  <project timestamp="1763684640930" name="All files">
    <metrics statements="80" coveredstatements="70" conditionals="60" coveredconditionals="49" methods="7" coveredmethods="5" elements="147" coveredelements="124" complexity="0" loc="80" ncloc="80" packages="1" files="1" classes="1"/>
    <file name="index.js" path="C:\Users\Orii\Conver-Romano\numeros-romanos-orimoyano16\index.js">
      <metrics statements="80" coveredstatements="70" conditionals="60" coveredconditionals="49" methods="7" coveredmethods="5"/>
      <line num="1" count="1" type="stmt"/>
      <line num="3" count="1" type="stmt"/>
      <line num="4" count="1" type="cond" truecount="2" falsecount="0"/>
      <line num="15" count="1" type="stmt"/>
      <line num="16" count="11" type="stmt"/>
      <line num="17" count="11" type="stmt"/>
      <line num="19" count="11" type="cond" truecount="4" falsecount="0"/>
      <line num="20" count="2" type="stmt"/>
      <line num="26" count="9" type="cond" truecount="1" falsecount="1"/>
      <line num="27" count="0" type="stmt"/>
      <line num="33" count="9" type="stmt"/>
      <line num="34" count="9" type="cond" truecount="2" falsecount="0"/>
      <line num="35" count="6" type="stmt"/>
      <line num="42" count="3" type="stmt"/>
      <line num="48" count="0" type="stmt"/>
      <line num="56" count="1" type="stmt"/>
      <line num="57" count="9" type="stmt"/>
      <line num="58" count="9" type="stmt"/>
      <line num="60" count="9" type="cond" truecount="4" falsecount="0"/>
      <line num="61" count="1" type="stmt"/>
      <line num="67" count="8" type="cond" truecount="4" falsecount="0"/>
      <line num="68" count="1" type="stmt"/>
      <line num="74" count="7" type="stmt"/>
      <line num="75" count="7" type="cond" truecount="2" falsecount="0"/>
      <line num="76" count="1" type="stmt"/>
      <line num="83" count="6" type="stmt"/>
      <line num="84" count="6" type="cond" truecount="2" falsecount="0"/>
      <line num="85" count="3" type="stmt"/>
      <line num="92" count="3" type="stmt"/>
      <line num="98" count="0" type="stmt"/>
      <line num="106" count="1" type="stmt"/>
      <line num="107" count="1" type="stmt"/>
      <line num="146" count="13" type="cond" truecount="1" falsecount="1"/>
      <line num="147" count="0" type="stmt"/>
      <line num="150" count="13" type="stmt"/>
      <line num="151" count="13" type="cond" truecount="1" falsecount="1"/>
      <line num="153" count="13" type="cond" truecount="2" falsecount="0"/>
      <line num="155" count="12" type="stmt"/>
      <line num="165" count="12" type="stmt"/>
      <line num="166" count="130" type="cond" truecount="2" falsecount="0"/>
      <line num="169" count="4" type="stmt"/>
      <line num="170" count="4" type="stmt"/>
      <line num="171" count="4" type="stmt"/>
      <line num="173" count="4" type="stmt"/>
      <line num="174" count="8" type="stmt"/>
      <line num="175" count="8" type="cond" truecount="2" falsecount="0"/>
      <line num="177" count="8" type="cond" truecount="1" falsecount="1"/>
      <line num="179" count="8" type="cond" truecount="2" falsecount="0"/>
      <line num="180" count="4" type="stmt"/>
      <line num="185" count="4" type="stmt"/>
      <line num="186" count="4" type="stmt"/>
      <line num="187" count="4" type="cond" truecount="3" falsecount="1"/>
      <line num="188" count="0" type="stmt"/>
      <line num="190" count="4" type="stmt"/>
      <line num="191" count="4" type="stmt"/>
      <line num="193" count="4" type="stmt"/>
      <line num="194" count="4" type="stmt"/>
      <line num="198" count="4" type="cond" truecount="3" falsecount="1"/>
      <line num="200" count="4" type="stmt"/>
      <line num="201" count="4" type="cond" truecount="1" falsecount="1"/>
      <line num="202" count="4" type="cond" truecount="1" falsecount="1"/>
      <line num="203" count="0" type="stmt"/>
      <line num="206" count="4" type="stmt"/>
      <line num="213" count="13" type="cond" truecount="3" falsecount="1"/>
      <line num="214" count="0" type="stmt"/>
      <line num="216" count="13" type="cond" truecount="4" falsecount="0"/>
      <line num="218" count="8" type="stmt"/>
      <line num="234" count="8" type="stmt"/>
      <line num="235" count="8" type="stmt"/>
      <line num="236" count="8" type="stmt"/>
      <line num="237" count="104" type="stmt"/>
      <line num="238" count="23" type="stmt"/>
      <line num="239" count="23" type="stmt"/>
      <line num="242" count="8" type="stmt"/>
      <line num="247" count="1" type="cond" truecount="1" falsecount="1"/>
      <line num="249" count="0" type="stmt"/>
      <line num="252" count="1" type="cond" truecount="1" falsecount="1"/>
      <line num="253" count="0" type="stmt"/>
      <line num="254" count="0" type="stmt"/>
      <line num="257" count="1" type="stmt"/>
    </file>
  </project>
</coverage>
