<?xml version="1.0" encoding="UTF-8"?>
<coverage generated="1763575161650" clover="3.2.0">
  <project timestamp="1763575161650" name="All files">
    <metrics statements="87" coveredstatements="72" conditionals="60" coveredconditionals="48" methods="9" coveredmethods="5" elements="156" coveredelements="125" complexity="0" loc="87" ncloc="87" packages="1" files="1" classes="1"/>
    <file name="index.js" path="C:\Users\Orii\Conver-Romano\numeros-romanos-orimoyano16\index.js">
      <metrics statements="87" coveredstatements="72" conditionals="60" coveredconditionals="48" methods="9" coveredmethods="5"/>
      <line num="1" count="1" type="stmt"/>
      <line num="2" count="1" type="stmt"/>
      <line num="3" count="1" type="cond" truecount="2" falsecount="0"/>
      <line num="5" count="1" type="stmt"/>
      <line num="8" count="1" type="stmt"/>
      <line num="9" count="11" type="stmt"/>
      <line num="10" count="11" type="stmt"/>
      <line num="12" count="11" type="cond" truecount="4" falsecount="0"/>
      <line num="13" count="2" type="stmt"/>
      <line num="19" count="9" type="cond" truecount="1" falsecount="1"/>
      <line num="20" count="0" type="stmt"/>
      <line num="26" count="9" type="stmt"/>
      <line num="27" count="9" type="cond" truecount="2" falsecount="0"/>
      <line num="28" count="6" type="stmt"/>
      <line num="35" count="3" type="stmt"/>
      <line num="41" count="0" type="stmt"/>
      <line num="49" count="1" type="stmt"/>
      <line num="50" count="9" type="stmt"/>
      <line num="51" count="9" type="stmt"/>
      <line num="53" count="9" type="cond" truecount="4" falsecount="0"/>
      <line num="54" count="1" type="stmt"/>
      <line num="60" count="8" type="cond" truecount="4" falsecount="0"/>
      <line num="61" count="1" type="stmt"/>
      <line num="67" count="7" type="stmt"/>
      <line num="68" count="7" type="cond" truecount="2" falsecount="0"/>
      <line num="69" count="1" type="stmt"/>
      <line num="76" count="6" type="stmt"/>
      <line num="77" count="6" type="cond" truecount="2" falsecount="0"/>
      <line num="78" count="3" type="stmt"/>
      <line num="85" count="3" type="stmt"/>
      <line num="91" count="0" type="stmt"/>
      <line num="99" count="1" type="stmt"/>
      <line num="100" count="1" type="stmt"/>
      <line num="104" count="1" type="stmt"/>
      <line num="105" count="0" type="stmt"/>
      <line num="120" count="1" type="stmt"/>
      <line num="121" count="0" type="stmt"/>
      <line num="133" count="13" type="cond" truecount="1" falsecount="1"/>
      <line num="134" count="0" type="stmt"/>
      <line num="137" count="13" type="stmt"/>
      <line num="138" count="13" type="cond" truecount="1" falsecount="1"/>
      <line num="140" count="13" type="cond" truecount="2" falsecount="0"/>
      <line num="142" count="12" type="stmt"/>
      <line num="152" count="12" type="stmt"/>
      <line num="153" count="130" type="cond" truecount="2" falsecount="0"/>
      <line num="156" count="4" type="stmt"/>
      <line num="157" count="4" type="stmt"/>
      <line num="158" count="4" type="stmt"/>
      <line num="160" count="4" type="stmt"/>
      <line num="161" count="8" type="stmt"/>
      <line num="162" count="8" type="cond" truecount="2" falsecount="0"/>
      <line num="164" count="8" type="cond" truecount="1" falsecount="1"/>
      <line num="166" count="8" type="cond" truecount="2" falsecount="0"/>
      <line num="167" count="4" type="stmt"/>
      <line num="172" count="4" type="stmt"/>
      <line num="173" count="4" type="stmt"/>
      <line num="174" count="4" type="cond" truecount="3" falsecount="1"/>
      <line num="175" count="0" type="stmt"/>
      <line num="177" count="4" type="stmt"/>
      <line num="178" count="4" type="stmt"/>
      <line num="180" count="4" type="stmt"/>
      <line num="181" count="4" type="stmt"/>
      <line num="185" count="4" type="cond" truecount="3" falsecount="1"/>
      <line num="187" count="4" type="stmt"/>
      <line num="188" count="4" type="cond" truecount="1" falsecount="1"/>
      <line num="189" count="4" type="cond" truecount="1" falsecount="1"/>
      <line num="190" count="0" type="stmt"/>
      <line num="193" count="4" type="stmt"/>
      <line num="200" count="13" type="cond" truecount="3" falsecount="1"/>
      <line num="201" count="0" type="stmt"/>
      <line num="203" count="13" type="cond" truecount="4" falsecount="0"/>
      <line num="205" count="8" type="stmt"/>
      <line num="221" count="8" type="stmt"/>
      <line num="222" count="8" type="stmt"/>
      <line num="223" count="8" type="stmt"/>
      <line num="224" count="104" type="stmt"/>
      <line num="225" count="23" type="stmt"/>
      <line num="226" count="23" type="stmt"/>
      <line num="229" count="8" type="stmt"/>
      <line num="233" count="1" type="cond" truecount="1" falsecount="1"/>
      <line num="234" count="0" type="stmt"/>
      <line num="235" count="0" type="stmt"/>
      <line num="238" count="0" type="stmt"/>
      <line num="239" count="0" type="cond" truecount="0" falsecount="2"/>
      <line num="240" count="0" type="stmt"/>
      <line num="241" count="0" type="stmt"/>
      <line num="246" count="1" type="stmt"/>
    </file>
  </project>
</coverage>
