{"C:\\Users\\Orii\\Conver-Romano\\numeros-romanos-orimoyano16\\index.js": {"path":"C:\\Users\\Orii\\Conver-Romano\\numeros-romanos-orimoyano16\\index.js","statementMap":{"0":{"start":{"line":1,"column":16},"end":{"line":1,"column":34}},"1":{"start":{"line":3,"column":12},"end":{"line":3,"column":21}},"2":{"start":{"line":4,"column":13},"end":{"line":4,"column":37}},"3":{"start":{"line":15,"column":0},"end":{"line":53,"column":3}},"4":{"start":{"line":16,"column":2},"end":{"line":52,"column":3}},"5":{"start":{"line":17,"column":25},"end":{"line":17,"column":40}},"6":{"start":{"line":19,"column":4},"end":{"line":24,"column":5}},"7":{"start":{"line":20,"column":6},"end":{"line":23,"column":9}},"8":{"start":{"line":26,"column":4},"end":{"line":31,"column":5}},"9":{"start":{"line":27,"column":6},"end":{"line":30,"column":9}},"10":{"start":{"line":33,"column":25},"end":{"line":33,"column":52}},"11":{"start":{"line":34,"column":4},"end":{"line":40,"column":5}},"12":{"start":{"line":35,"column":6},"end":{"line":39,"column":9}},"13":{"start":{"line":42,"column":4},"end":{"line":46,"column":7}},"14":{"start":{"line":48,"column":4},"end":{"line":51,"column":7}},"15":{"start":{"line":56,"column":0},"end":{"line":103,"column":3}},"16":{"start":{"line":57,"column":2},"end":{"line":102,"column":3}},"17":{"start":{"line":58,"column":16},"end":{"line":58,"column":32}},"18":{"start":{"line":60,"column":4},"end":{"line":65,"column":5}},"19":{"start":{"line":61,"column":6},"end":{"line":64,"column":9}},"20":{"start":{"line":67,"column":4},"end":{"line":72,"column":5}},"21":{"start":{"line":68,"column":6},"end":{"line":71,"column":9}},"22":{"start":{"line":74,"column":25},"end":{"line":74,"column":42}},"23":{"start":{"line":75,"column":4},"end":{"line":81,"column":5}},"24":{"start":{"line":76,"column":6},"end":{"line":80,"column":9}},"25":{"start":{"line":83,"column":25},"end":{"line":83,"column":52}},"26":{"start":{"line":84,"column":4},"end":{"line":90,"column":5}},"27":{"start":{"line":85,"column":6},"end":{"line":89,"column":9}},"28":{"start":{"line":92,"column":4},"end":{"line":96,"column":7}},"29":{"start":{"line":98,"column":4},"end":{"line":101,"column":7}},"30":{"start":{"line":106,"column":0},"end":{"line":108,"column":3}},"31":{"start":{"line":107,"column":2},"end":{"line":107,"column":78}},"32":{"start":{"line":146,"column":2},"end":{"line":148,"column":3}},"33":{"start":{"line":147,"column":4},"end":{"line":147,"column":53}},"34":{"start":{"line":150,"column":12},"end":{"line":150,"column":38}},"35":{"start":{"line":151,"column":2},"end":{"line":151,"column":34}},"36":{"start":{"line":151,"column":22},"end":{"line":151,"column":34}},"37":{"start":{"line":153,"column":2},"end":{"line":153,"column":43}},"38":{"start":{"line":153,"column":31},"end":{"line":153,"column":43}},"39":{"start":{"line":155,"column":26},"end":{"line":163,"column":3}},"40":{"start":{"line":165,"column":2},"end":{"line":167,"column":3}},"41":{"start":{"line":166,"column":4},"end":{"line":166,"column":37}},"42":{"start":{"line":166,"column":25},"end":{"line":166,"column":37}},"43":{"start":{"line":169,"column":14},"end":{"line":169,"column":67}},"44":{"start":{"line":170,"column":14},"end":{"line":170,"column":15}},"45":{"start":{"line":171,"column":10},"end":{"line":171,"column":11}},"46":{"start":{"line":173,"column":2},"end":{"line":196,"column":3}},"47":{"start":{"line":174,"column":17},"end":{"line":174,"column":26}},"48":{"start":{"line":175,"column":17},"end":{"line":175,"column":53}},"49":{"start":{"line":177,"column":4},"end":{"line":177,"column":27}},"50":{"start":{"line":177,"column":15},"end":{"line":177,"column":27}},"51":{"start":{"line":179,"column":4},"end":{"line":195,"column":5}},"52":{"start":{"line":180,"column":25},"end":{"line":184,"column":7}},"53":{"start":{"line":185,"column":23},"end":{"line":185,"column":27}},"54":{"start":{"line":186,"column":23},"end":{"line":186,"column":31}},"55":{"start":{"line":187,"column":6},"end":{"line":189,"column":7}},"56":{"start":{"line":188,"column":8},"end":{"line":188,"column":20}},"57":{"start":{"line":190,"column":6},"end":{"line":190,"column":27}},"58":{"start":{"line":191,"column":6},"end":{"line":191,"column":13}},"59":{"start":{"line":193,"column":6},"end":{"line":193,"column":20}},"60":{"start":{"line":194,"column":6},"end":{"line":194,"column":13}},"61":{"start":{"line":198,"column":2},"end":{"line":198,"column":45}},"62":{"start":{"line":198,"column":33},"end":{"line":198,"column":45}},"63":{"start":{"line":200,"column":20},"end":{"line":200,"column":40}},"64":{"start":{"line":201,"column":2},"end":{"line":201,"column":38}},"65":{"start":{"line":201,"column":26},"end":{"line":201,"column":38}},"66":{"start":{"line":202,"column":2},"end":{"line":204,"column":3}},"67":{"start":{"line":203,"column":4},"end":{"line":203,"column":16}},"68":{"start":{"line":206,"column":2},"end":{"line":206,"column":15}},"69":{"start":{"line":213,"column":2},"end":{"line":215,"column":3}},"70":{"start":{"line":214,"column":4},"end":{"line":214,"column":53}},"71":{"start":{"line":216,"column":2},"end":{"line":216,"column":47}},"72":{"start":{"line":216,"column":35},"end":{"line":216,"column":47}},"73":{"start":{"line":218,"column":15},"end":{"line":232,"column":3}},"74":{"start":{"line":234,"column":18},"end":{"line":234,"column":24}},"75":{"start":{"line":235,"column":12},"end":{"line":235,"column":14}},"76":{"start":{"line":236,"column":2},"end":{"line":241,"column":3}},"77":{"start":{"line":237,"column":4},"end":{"line":240,"column":5}},"78":{"start":{"line":238,"column":6},"end":{"line":238,"column":15}},"79":{"start":{"line":239,"column":6},"end":{"line":239,"column":21}},"80":{"start":{"line":242,"column":2},"end":{"line":242,"column":13}},"81":{"start":{"line":247,"column":0},"end":{"line":258,"column":1}},"82":{"start":{"line":249,"column":2},"end":{"line":249,"column":47}},"83":{"start":{"line":249,"column":33},"end":{"line":249,"column":46}},"84":{"start":{"line":252,"column":2},"end":{"line":256,"column":3}},"85":{"start":{"line":253,"column":19},"end":{"line":255,"column":6}},"86":{"start":{"line":254,"column":6},"end":{"line":254,"column":81}},"87":{"start":{"line":257,"column":2},"end":{"line":257,"column":57}}},"fnMap":{"0":{"name":"(anonymous_0)","decl":{"start":{"line":15,"column":16},"end":{"line":15,"column":17}},"loc":{"start":{"line":15,"column":30},"end":{"line":53,"column":1}},"line":15},"1":{"name":"(anonymous_1)","decl":{"start":{"line":56,"column":16},"end":{"line":56,"column":17}},"loc":{"start":{"line":56,"column":30},"end":{"line":103,"column":1}},"line":56},"2":{"name":"(anonymous_2)","decl":{"start":{"line":106,"column":19},"end":{"line":106,"column":20}},"loc":{"start":{"line":106,"column":33},"end":{"line":108,"column":1}},"line":106},"3":{"name":"romanToArabic","decl":{"start":{"line":145,"column":9},"end":{"line":145,"column":22}},"loc":{"start":{"line":145,"column":30},"end":{"line":207,"column":1}},"line":145},"4":{"name":"arabicToRoman","decl":{"start":{"line":212,"column":9},"end":{"line":212,"column":22}},"loc":{"start":{"line":212,"column":31},"end":{"line":243,"column":1}},"line":212},"5":{"name":"(anonymous_5)","decl":{"start":{"line":249,"column":19},"end":{"line":249,"column":20}},"loc":{"start":{"line":249,"column":33},"end":{"line":249,"column":46}},"line":249},"6":{"name":"(anonymous_6)","decl":{"start":{"line":253,"column":36},"end":{"line":253,"column":37}},"loc":{"start":{"line":253,"column":42},"end":{"line":255,"column":5}},"line":253}},"branchMap":{"0":{"loc":{"start":{"line":4,"column":13},"end":{"line":4,"column":37}},"type":"binary-expr","locations":[{"start":{"line":4,"column":13},"end":{"line":4,"column":29}},{"start":{"line":4,"column":33},"end":{"line":4,"column":37}}],"line":4},"1":{"loc":{"start":{"line":19,"column":4},"end":{"line":24,"column":5}},"type":"if","locations":[{"start":{"line":19,"column":4},"end":{"line":24,"column":5}},{"start":{},"end":{}}],"line":19},"2":{"loc":{"start":{"line":19,"column":8},"end":{"line":19,"column":57}},"type":"binary-expr","locations":[{"start":{"line":19,"column":8},"end":{"line":19,"column":21}},{"start":{"line":19,"column":25},"end":{"line":19,"column":57}}],"line":19},"3":{"loc":{"start":{"line":26,"column":4},"end":{"line":31,"column":5}},"type":"if","locations":[{"start":{"line":26,"column":4},"end":{"line":31,"column":5}},{"start":{},"end":{}}],"line":26},"4":{"loc":{"start":{"line":34,"column":4},"end":{"line":40,"column":5}},"type":"if","locations":[{"start":{"line":34,"column":4},"end":{"line":40,"column":5}},{"start":{},"end":{}}],"line":34},"5":{"loc":{"start":{"line":60,"column":4},"end":{"line":65,"column":5}},"type":"if","locations":[{"start":{"line":60,"column":4},"end":{"line":65,"column":5}},{"start":{},"end":{}}],"line":60},"6":{"loc":{"start":{"line":60,"column":8},"end":{"line":60,"column":41}},"type":"binary-expr","locations":[{"start":{"line":60,"column":8},"end":{"line":60,"column":25}},{"start":{"line":60,"column":29},"end":{"line":60,"column":41}}],"line":60},"7":{"loc":{"start":{"line":67,"column":4},"end":{"line":72,"column":5}},"type":"if","locations":[{"start":{"line":67,"column":4},"end":{"line":72,"column":5}},{"start":{},"end":{}}],"line":67},"8":{"loc":{"start":{"line":67,"column":8},"end":{"line":67,"column":58}},"type":"binary-expr","locations":[{"start":{"line":67,"column":8},"end":{"line":67,"column":31}},{"start":{"line":67,"column":35},"end":{"line":67,"column":58}}],"line":67},"9":{"loc":{"start":{"line":75,"column":4},"end":{"line":81,"column":5}},"type":"if","locations":[{"start":{"line":75,"column":4},"end":{"line":81,"column":5}},{"start":{},"end":{}}],"line":75},"10":{"loc":{"start":{"line":84,"column":4},"end":{"line":90,"column":5}},"type":"if","locations":[{"start":{"line":84,"column":4},"end":{"line":90,"column":5}},{"start":{},"end":{}}],"line":84},"11":{"loc":{"start":{"line":146,"column":2},"end":{"line":148,"column":3}},"type":"if","locations":[{"start":{"line":146,"column":2},"end":{"line":148,"column":3}},{"start":{},"end":{}}],"line":146},"12":{"loc":{"start":{"line":151,"column":2},"end":{"line":151,"column":34}},"type":"if","locations":[{"start":{"line":151,"column":2},"end":{"line":151,"column":34}},{"start":{},"end":{}}],"line":151},"13":{"loc":{"start":{"line":153,"column":2},"end":{"line":153,"column":43}},"type":"if","locations":[{"start":{"line":153,"column":2},"end":{"line":153,"column":43}},{"start":{},"end":{}}],"line":153},"14":{"loc":{"start":{"line":166,"column":4},"end":{"line":166,"column":37}},"type":"if","locations":[{"start":{"line":166,"column":4},"end":{"line":166,"column":37}},{"start":{},"end":{}}],"line":166},"15":{"loc":{"start":{"line":175,"column":17},"end":{"line":175,"column":53}},"type":"cond-expr","locations":[{"start":{"line":175,"column":36},"end":{"line":175,"column":49}},{"start":{"line":175,"column":52},"end":{"line":175,"column":53}}],"line":175},"16":{"loc":{"start":{"line":177,"column":4},"end":{"line":177,"column":27}},"type":"if","locations":[{"start":{"line":177,"column":4},"end":{"line":177,"column":27}},{"start":{},"end":{}}],"line":177},"17":{"loc":{"start":{"line":179,"column":4},"end":{"line":195,"column":5}},"type":"if","locations":[{"start":{"line":179,"column":4},"end":{"line":195,"column":5}},{"start":{"line":192,"column":11},"end":{"line":195,"column":5}}],"line":179},"18":{"loc":{"start":{"line":187,"column":6},"end":{"line":189,"column":7}},"type":"if","locations":[{"start":{"line":187,"column":6},"end":{"line":189,"column":7}},{"start":{},"end":{}}],"line":187},"19":{"loc":{"start":{"line":187,"column":10},"end":{"line":187,"column":79}},"type":"binary-expr","locations":[{"start":{"line":187,"column":10},"end":{"line":187,"column":35}},{"start":{"line":187,"column":39},"end":{"line":187,"column":79}}],"line":187},"20":{"loc":{"start":{"line":198,"column":2},"end":{"line":198,"column":45}},"type":"if","locations":[{"start":{"line":198,"column":2},"end":{"line":198,"column":45}},{"start":{},"end":{}}],"line":198},"21":{"loc":{"start":{"line":198,"column":6},"end":{"line":198,"column":31}},"type":"binary-expr","locations":[{"start":{"line":198,"column":6},"end":{"line":198,"column":15}},{"start":{"line":198,"column":19},"end":{"line":198,"column":31}}],"line":198},"22":{"loc":{"start":{"line":201,"column":2},"end":{"line":201,"column":38}},"type":"if","locations":[{"start":{"line":201,"column":2},"end":{"line":201,"column":38}},{"start":{},"end":{}}],"line":201},"23":{"loc":{"start":{"line":202,"column":2},"end":{"line":204,"column":3}},"type":"if","locations":[{"start":{"line":202,"column":2},"end":{"line":204,"column":3}},{"start":{},"end":{}}],"line":202},"24":{"loc":{"start":{"line":213,"column":2},"end":{"line":215,"column":3}},"type":"if","locations":[{"start":{"line":213,"column":2},"end":{"line":215,"column":3}},{"start":{},"end":{}}],"line":213},"25":{"loc":{"start":{"line":213,"column":6},"end":{"line":213,"column":61}},"type":"binary-expr","locations":[{"start":{"line":213,"column":6},"end":{"line":213,"column":32}},{"start":{"line":213,"column":36},"end":{"line":213,"column":61}}],"line":213},"26":{"loc":{"start":{"line":216,"column":2},"end":{"line":216,"column":47}},"type":"if","locations":[{"start":{"line":216,"column":2},"end":{"line":216,"column":47}},{"start":{},"end":{}}],"line":216},"27":{"loc":{"start":{"line":216,"column":6},"end":{"line":216,"column":33}},"type":"binary-expr","locations":[{"start":{"line":216,"column":6},"end":{"line":216,"column":16}},{"start":{"line":216,"column":20},"end":{"line":216,"column":33}}],"line":216},"28":{"loc":{"start":{"line":247,"column":0},"end":{"line":258,"column":1}},"type":"if","locations":[{"start":{"line":247,"column":0},"end":{"line":258,"column":1}},{"start":{"line":250,"column":7},"end":{"line":258,"column":1}}],"line":247},"29":{"loc":{"start":{"line":252,"column":2},"end":{"line":256,"column":3}},"type":"if","locations":[{"start":{"line":252,"column":2},"end":{"line":256,"column":3}},{"start":{},"end":{}}],"line":252}},"s":{"0":1,"1":1,"2":1,"3":1,"4":11,"5":11,"6":11,"7":2,"8":9,"9":0,"10":9,"11":9,"12":6,"13":3,"14":0,"15":1,"16":9,"17":9,"18":9,"19":1,"20":8,"21":1,"22":7,"23":7,"24":1,"25":6,"26":6,"27":3,"28":3,"29":0,"30":1,"31":1,"32":13,"33":0,"34":13,"35":13,"36":0,"37":13,"38":1,"39":12,"40":12,"41":130,"42":8,"43":4,"44":4,"45":4,"46":4,"47":8,"48":8,"49":8,"50":0,"51":8,"52":4,"53":4,"54":4,"55":4,"56":0,"57":4,"58":4,"59":4,"60":4,"61":4,"62":0,"63":4,"64":4,"65":0,"66":4,"67":0,"68":4,"69":13,"70":0,"71":13,"72":5,"73":8,"74":8,"75":8,"76":8,"77":104,"78":23,"79":23,"80":8,"81":1,"82":0,"83":0,"84":1,"85":0,"86":0,"87":1},"f":{"0":11,"1":9,"2":1,"3":13,"4":13,"5":0,"6":0},"b":{"0":[1,1],"1":[2,9],"2":[11,9],"3":[0,9],"4":[6,3],"5":[1,8],"6":[9,8],"7":[1,7],"8":[8,8],"9":[1,6],"10":[3,3],"11":[0,13],"12":[0,13],"13":[1,12],"14":[8,122],"15":[7,1],"16":[0,8],"17":[4,4],"18":[0,4],"19":[4,4],"20":[0,4],"21":[4,4],"22":[0,4],"23":[0,4],"24":[0,13],"25":[13,13],"26":[5,8],"27":[13,10],"28":[0,1],"29":[0,1]},"_coverageSchema":"1a1c01bbd47fc00a2c39e90264f33305004495a9","hash":"0685fb3eb7b7023d6e73f349f480dc19f8340939"}
}
