{"C:\\Users\\Orii\\Conver-Romano\\numeros-romanos-orimoyano16\\index.js": {"path":"C:\\Users\\Orii\\Conver-Romano\\numeros-romanos-orimoyano16\\index.js","statementMap":{"0":{"start":{"line":2,"column":16},"end":{"line":2,"column":34}},"1":{"start":{"line":3,"column":12},"end":{"line":3,"column":21}},"2":{"start":{"line":4,"column":13},"end":{"line":4,"column":37}},"3":{"start":{"line":7,"column":0},"end":{"line":19,"column":3}},"4":{"start":{"line":8,"column":23},"end":{"line":8,"column":38}},"5":{"start":{"line":9,"column":2},"end":{"line":11,"column":3}},"6":{"start":{"line":10,"column":4},"end":{"line":10,"column":73}},"7":{"start":{"line":13,"column":23},"end":{"line":13,"column":50}},"8":{"start":{"line":14,"column":2},"end":{"line":16,"column":3}},"9":{"start":{"line":15,"column":4},"end":{"line":15,"column":70}},"10":{"start":{"line":18,"column":2},"end":{"line":18,"column":44}},"11":{"start":{"line":22,"column":0},"end":{"line":39,"column":3}},"12":{"start":{"line":23,"column":14},"end":{"line":23,"column":30}},"13":{"start":{"line":24,"column":2},"end":{"line":26,"column":3}},"14":{"start":{"line":25,"column":4},"end":{"line":25,"column":74}},"15":{"start":{"line":28,"column":23},"end":{"line":28,"column":40}},"16":{"start":{"line":29,"column":2},"end":{"line":31,"column":3}},"17":{"start":{"line":30,"column":4},"end":{"line":30,"column":95}},"18":{"start":{"line":33,"column":23},"end":{"line":33,"column":50}},"19":{"start":{"line":34,"column":2},"end":{"line":36,"column":3}},"20":{"start":{"line":35,"column":4},"end":{"line":35,"column":71}},"21":{"start":{"line":38,"column":2},"end":{"line":38,"column":43}},"22":{"start":{"line":48,"column":2},"end":{"line":50,"column":3}},"23":{"start":{"line":49,"column":4},"end":{"line":49,"column":53}},"24":{"start":{"line":51,"column":2},"end":{"line":51,"column":38}},"25":{"start":{"line":51,"column":26},"end":{"line":51,"column":38}},"26":{"start":{"line":53,"column":12},"end":{"line":53,"column":38}},"27":{"start":{"line":57,"column":2},"end":{"line":57,"column":43}},"28":{"start":{"line":57,"column":31},"end":{"line":57,"column":43}},"29":{"start":{"line":59,"column":14},"end":{"line":59,"column":67}},"30":{"start":{"line":60,"column":14},"end":{"line":60,"column":15}},"31":{"start":{"line":61,"column":10},"end":{"line":61,"column":11}},"32":{"start":{"line":63,"column":2},"end":{"line":87,"column":3}},"33":{"start":{"line":64,"column":17},"end":{"line":64,"column":26}},"34":{"start":{"line":65,"column":17},"end":{"line":65,"column":53}},"35":{"start":{"line":67,"column":4},"end":{"line":67,"column":27}},"36":{"start":{"line":67,"column":15},"end":{"line":67,"column":27}},"37":{"start":{"line":69,"column":4},"end":{"line":86,"column":5}},"38":{"start":{"line":71,"column":25},"end":{"line":75,"column":7}},"39":{"start":{"line":76,"column":23},"end":{"line":76,"column":27}},"40":{"start":{"line":77,"column":23},"end":{"line":77,"column":31}},"41":{"start":{"line":78,"column":6},"end":{"line":80,"column":7}},"42":{"start":{"line":79,"column":8},"end":{"line":79,"column":20}},"43":{"start":{"line":81,"column":6},"end":{"line":81,"column":27}},"44":{"start":{"line":82,"column":6},"end":{"line":82,"column":13}},"45":{"start":{"line":84,"column":6},"end":{"line":84,"column":20}},"46":{"start":{"line":85,"column":6},"end":{"line":85,"column":13}},"47":{"start":{"line":90,"column":2},"end":{"line":90,"column":45}},"48":{"start":{"line":90,"column":33},"end":{"line":90,"column":45}},"49":{"start":{"line":93,"column":20},"end":{"line":93,"column":40}},"50":{"start":{"line":94,"column":2},"end":{"line":94,"column":38}},"51":{"start":{"line":94,"column":26},"end":{"line":94,"column":38}},"52":{"start":{"line":95,"column":2},"end":{"line":99,"column":3}},"53":{"start":{"line":98,"column":4},"end":{"line":98,"column":51}},"54":{"start":{"line":98,"column":39},"end":{"line":98,"column":51}},"55":{"start":{"line":101,"column":2},"end":{"line":101,"column":15}},"56":{"start":{"line":110,"column":2},"end":{"line":112,"column":3}},"57":{"start":{"line":111,"column":4},"end":{"line":111,"column":53}},"58":{"start":{"line":113,"column":2},"end":{"line":113,"column":47}},"59":{"start":{"line":113,"column":35},"end":{"line":113,"column":47}},"60":{"start":{"line":115,"column":15},"end":{"line":129,"column":3}},"61":{"start":{"line":131,"column":18},"end":{"line":131,"column":24}},"62":{"start":{"line":132,"column":12},"end":{"line":132,"column":14}},"63":{"start":{"line":133,"column":2},"end":{"line":138,"column":3}},"64":{"start":{"line":134,"column":4},"end":{"line":137,"column":5}},"65":{"start":{"line":135,"column":6},"end":{"line":135,"column":15}},"66":{"start":{"line":136,"column":6},"end":{"line":136,"column":21}},"67":{"start":{"line":139,"column":2},"end":{"line":139,"column":13}},"68":{"start":{"line":142,"column":0},"end":{"line":146,"column":1}},"69":{"start":{"line":143,"column":2},"end":{"line":145,"column":5}},"70":{"start":{"line":144,"column":4},"end":{"line":144,"column":60}},"71":{"start":{"line":148,"column":0},"end":{"line":148,"column":55}}},"fnMap":{"0":{"name":"(anonymous_0)","decl":{"start":{"line":7,"column":16},"end":{"line":7,"column":17}},"loc":{"start":{"line":7,"column":30},"end":{"line":19,"column":1}},"line":7},"1":{"name":"(anonymous_1)","decl":{"start":{"line":22,"column":16},"end":{"line":22,"column":17}},"loc":{"start":{"line":22,"column":30},"end":{"line":39,"column":1}},"line":22},"2":{"name":"romanToArabic","decl":{"start":{"line":47,"column":9},"end":{"line":47,"column":22}},"loc":{"start":{"line":47,"column":30},"end":{"line":102,"column":1}},"line":47},"3":{"name":"arabicToRoman","decl":{"start":{"line":109,"column":9},"end":{"line":109,"column":22}},"loc":{"start":{"line":109,"column":31},"end":{"line":140,"column":1}},"line":109},"4":{"name":"(anonymous_4)","decl":{"start":{"line":143,"column":19},"end":{"line":143,"column":20}},"loc":{"start":{"line":143,"column":25},"end":{"line":145,"column":3}},"line":143}},"branchMap":{"0":{"loc":{"start":{"line":4,"column":13},"end":{"line":4,"column":37}},"type":"binary-expr","locations":[{"start":{"line":4,"column":13},"end":{"line":4,"column":29}},{"start":{"line":4,"column":33},"end":{"line":4,"column":37}}],"line":4},"1":{"loc":{"start":{"line":9,"column":2},"end":{"line":11,"column":3}},"type":"if","locations":[{"start":{"line":9,"column":2},"end":{"line":11,"column":3}},{"start":{},"end":{}}],"line":9},"2":{"loc":{"start":{"line":14,"column":2},"end":{"line":16,"column":3}},"type":"if","locations":[{"start":{"line":14,"column":2},"end":{"line":16,"column":3}},{"start":{},"end":{}}],"line":14},"3":{"loc":{"start":{"line":24,"column":2},"end":{"line":26,"column":3}},"type":"if","locations":[{"start":{"line":24,"column":2},"end":{"line":26,"column":3}},{"start":{},"end":{}}],"line":24},"4":{"loc":{"start":{"line":29,"column":2},"end":{"line":31,"column":3}},"type":"if","locations":[{"start":{"line":29,"column":2},"end":{"line":31,"column":3}},{"start":{},"end":{}}],"line":29},"5":{"loc":{"start":{"line":34,"column":2},"end":{"line":36,"column":3}},"type":"if","locations":[{"start":{"line":34,"column":2},"end":{"line":36,"column":3}},{"start":{},"end":{}}],"line":34},"6":{"loc":{"start":{"line":48,"column":2},"end":{"line":50,"column":3}},"type":"if","locations":[{"start":{"line":48,"column":2},"end":{"line":50,"column":3}},{"start":{},"end":{}}],"line":48},"7":{"loc":{"start":{"line":51,"column":2},"end":{"line":51,"column":38}},"type":"if","locations":[{"start":{"line":51,"column":2},"end":{"line":51,"column":38}},{"start":{},"end":{}}],"line":51},"8":{"loc":{"start":{"line":57,"column":2},"end":{"line":57,"column":43}},"type":"if","locations":[{"start":{"line":57,"column":2},"end":{"line":57,"column":43}},{"start":{},"end":{}}],"line":57},"9":{"loc":{"start":{"line":65,"column":17},"end":{"line":65,"column":53}},"type":"cond-expr","locations":[{"start":{"line":65,"column":36},"end":{"line":65,"column":49}},{"start":{"line":65,"column":52},"end":{"line":65,"column":53}}],"line":65},"10":{"loc":{"start":{"line":67,"column":4},"end":{"line":67,"column":27}},"type":"if","locations":[{"start":{"line":67,"column":4},"end":{"line":67,"column":27}},{"start":{},"end":{}}],"line":67},"11":{"loc":{"start":{"line":69,"column":4},"end":{"line":86,"column":5}},"type":"if","locations":[{"start":{"line":69,"column":4},"end":{"line":86,"column":5}},{"start":{"line":83,"column":11},"end":{"line":86,"column":5}}],"line":69},"12":{"loc":{"start":{"line":78,"column":6},"end":{"line":80,"column":7}},"type":"if","locations":[{"start":{"line":78,"column":6},"end":{"line":80,"column":7}},{"start":{},"end":{}}],"line":78},"13":{"loc":{"start":{"line":78,"column":10},"end":{"line":78,"column":79}},"type":"binary-expr","locations":[{"start":{"line":78,"column":10},"end":{"line":78,"column":35}},{"start":{"line":78,"column":39},"end":{"line":78,"column":79}}],"line":78},"14":{"loc":{"start":{"line":90,"column":2},"end":{"line":90,"column":45}},"type":"if","locations":[{"start":{"line":90,"column":2},"end":{"line":90,"column":45}},{"start":{},"end":{}}],"line":90},"15":{"loc":{"start":{"line":90,"column":6},"end":{"line":90,"column":31}},"type":"binary-expr","locations":[{"start":{"line":90,"column":6},"end":{"line":90,"column":15}},{"start":{"line":90,"column":19},"end":{"line":90,"column":31}}],"line":90},"16":{"loc":{"start":{"line":94,"column":2},"end":{"line":94,"column":38}},"type":"if","locations":[{"start":{"line":94,"column":2},"end":{"line":94,"column":38}},{"start":{},"end":{}}],"line":94},"17":{"loc":{"start":{"line":95,"column":2},"end":{"line":99,"column":3}},"type":"if","locations":[{"start":{"line":95,"column":2},"end":{"line":99,"column":3}},{"start":{},"end":{}}],"line":95},"18":{"loc":{"start":{"line":98,"column":4},"end":{"line":98,"column":51}},"type":"if","locations":[{"start":{"line":98,"column":4},"end":{"line":98,"column":51}},{"start":{},"end":{}}],"line":98},"19":{"loc":{"start":{"line":110,"column":2},"end":{"line":112,"column":3}},"type":"if","locations":[{"start":{"line":110,"column":2},"end":{"line":112,"column":3}},{"start":{},"end":{}}],"line":110},"20":{"loc":{"start":{"line":110,"column":6},"end":{"line":110,"column":61}},"type":"binary-expr","locations":[{"start":{"line":110,"column":6},"end":{"line":110,"column":32}},{"start":{"line":110,"column":36},"end":{"line":110,"column":61}}],"line":110},"21":{"loc":{"start":{"line":113,"column":2},"end":{"line":113,"column":47}},"type":"if","locations":[{"start":{"line":113,"column":2},"end":{"line":113,"column":47}},{"start":{},"end":{}}],"line":113},"22":{"loc":{"start":{"line":113,"column":6},"end":{"line":113,"column":33}},"type":"binary-expr","locations":[{"start":{"line":113,"column":6},"end":{"line":113,"column":16}},{"start":{"line":113,"column":20},"end":{"line":113,"column":33}}],"line":113},"23":{"loc":{"start":{"line":142,"column":0},"end":{"line":146,"column":1}},"type":"if","locations":[{"start":{"line":142,"column":0},"end":{"line":146,"column":1}},{"start":{},"end":{}}],"line":142}},"s":{"0":1,"1":1,"2":1,"3":1,"4":3,"5":3,"6":1,"7":2,"8":2,"9":1,"10":1,"11":1,"12":4,"13":4,"14":1,"15":3,"16":3,"17":1,"18":2,"19":2,"20":1,"21":1,"22":11,"23":1,"24":10,"25":1,"26":9,"27":9,"28":0,"29":9,"30":9,"31":9,"32":9,"33":15,"34":15,"35":15,"36":0,"37":15,"38":9,"39":9,"40":9,"41":9,"42":3,"43":6,"44":6,"45":6,"46":6,"47":6,"48":0,"49":6,"50":6,"51":0,"52":6,"53":1,"54":1,"55":5,"56":17,"57":2,"58":15,"59":4,"60":11,"61":11,"62":11,"63":11,"64":143,"65":20,"66":20,"67":11,"68":1,"69":0,"70":0,"71":1},"f":{"0":3,"1":4,"2":11,"3":17,"4":0},"b":{"0":[1,1],"1":[1,2],"2":[1,1],"3":[1,3],"4":[1,2],"5":[1,1],"6":[1,10],"7":[1,9],"8":[0,9],"9":[13,2],"10":[0,15],"11":[9,6],"12":[3,6],"13":[9,8],"14":[0,6],"15":[6,6],"16":[0,6],"17":[1,5],"18":[1,0],"19":[2,15],"20":[17,16],"21":[4,11],"22":[15,13],"23":[0,1]},"_coverageSchema":"1a1c01bbd47fc00a2c39e90264f33305004495a9","hash":"ae061e7aa1aed28973154e9fc23acf04c84dcc8c"}
}
