TN:
SF:index.js
FN:8,(anonymous_0)
FN:49,(anonymous_1)
FN:99,(anonymous_2)
FN:104,(anonymous_3)
FN:120,(anonymous_4)
FN:132,romanToArabic
FN:199,arabicToRoman
FN:234,(anonymous_7)
FN:238,(anonymous_8)
FNF:9
FNH:5
FNDA:11,(anonymous_0)
FNDA:9,(anonymous_1)
FNDA:1,(anonymous_2)
FNDA:0,(anonymous_3)
FNDA:0,(anonymous_4)
FNDA:13,romanToArabic
FNDA:13,arabicToRoman
FNDA:0,(anonymous_7)
FNDA:0,(anonymous_8)
DA:1,1
DA:2,1
DA:3,1
DA:5,1
DA:8,1
DA:9,11
DA:10,11
DA:12,11
DA:13,2
DA:19,9
DA:20,0
DA:26,9
DA:27,9
DA:28,6
DA:35,3
DA:41,0
DA:49,1
DA:50,9
DA:51,9
DA:53,9
DA:54,1
DA:60,8
DA:61,1
DA:67,7
DA:68,7
DA:69,1
DA:76,6
DA:77,6
DA:78,3
DA:85,3
DA:91,0
DA:99,1
DA:100,1
DA:104,1
DA:105,0
DA:120,1
DA:121,0
DA:133,13
DA:134,0
DA:137,13
DA:138,13
DA:140,13
DA:142,12
DA:152,12
DA:153,130
DA:156,4
DA:157,4
DA:158,4
DA:160,4
DA:161,8
DA:162,8
DA:164,8
DA:166,8
DA:167,4
DA:172,4
DA:173,4
DA:174,4
DA:175,0
DA:177,4
DA:178,4
DA:180,4
DA:181,4
DA:185,4
DA:187,4
DA:188,4
DA:189,4
DA:190,0
DA:193,4
DA:200,13
DA:201,0
DA:203,13
DA:205,8
DA:221,8
DA:222,8
DA:223,8
DA:224,104
DA:225,23
DA:226,23
DA:229,8
DA:233,1
DA:234,0
DA:235,0
DA:238,0
DA:239,0
DA:240,0
DA:241,0
DA:246,1
LF:87
LH:72
BRDA:3,0,0,1
BRDA:3,0,1,1
BRDA:12,1,0,2
BRDA:12,1,1,9
BRDA:12,2,0,11
BRDA:12,2,1,9
BRDA:19,3,0,0
BRDA:19,3,1,9
BRDA:27,4,0,6
BRDA:27,4,1,3
BRDA:53,5,0,1
BRDA:53,5,1,8
BRDA:53,6,0,9
BRDA:53,6,1,8
BRDA:60,7,0,1
BRDA:60,7,1,7
BRDA:60,8,0,8
BRDA:60,8,1,8
BRDA:68,9,0,1
BRDA:68,9,1,6
BRDA:77,10,0,3
BRDA:77,10,1,3
BRDA:133,11,0,0
BRDA:133,11,1,13
BRDA:138,12,0,0
BRDA:138,12,1,13
BRDA:140,13,0,1
BRDA:140,13,1,12
BRDA:153,14,0,8
BRDA:153,14,1,122
BRDA:162,15,0,7
BRDA:162,15,1,1
BRDA:164,16,0,0
BRDA:164,16,1,8
BRDA:166,17,0,4
BRDA:166,17,1,4
BRDA:174,18,0,0
BRDA:174,18,1,4
BRDA:174,19,0,4
BRDA:174,19,1,4
BRDA:185,20,0,0
BRDA:185,20,1,4
BRDA:185,21,0,4
BRDA:185,21,1,4
BRDA:188,22,0,0
BRDA:188,22,1,4
BRDA:189,23,0,0
BRDA:189,23,1,4
BRDA:200,24,0,0
BRDA:200,24,1,13
BRDA:200,25,0,13
BRDA:200,25,1,13
BRDA:203,26,0,5
BRDA:203,26,1,8
BRDA:203,27,0,13
BRDA:203,27,1,10
BRDA:233,28,0,0
BRDA:233,28,1,1
BRDA:239,29,0,0
BRDA:239,29,1,0
BRF:60
BRH:48
end_of_record
