TN:
SF:index.js
FN:7,(anonymous_0)
FN:22,(anonymous_1)
FN:47,romanToArabic
FN:109,arabicToRoman
FN:143,(anonymous_4)
FNF:5
FNH:4
FNDA:3,(anonymous_0)
FNDA:4,(anonymous_1)
FNDA:11,romanToArabic
FNDA:17,arabicToRoman
FNDA:0,(anonymous_4)
DA:2,1
DA:3,1
DA:4,1
DA:7,1
DA:8,3
DA:9,3
DA:10,1
DA:13,2
DA:14,2
DA:15,1
DA:18,1
DA:22,1
DA:23,4
DA:24,4
DA:25,1
DA:28,3
DA:29,3
DA:30,1
DA:33,2
DA:34,2
DA:35,1
DA:38,1
DA:48,11
DA:49,1
DA:51,10
DA:53,9
DA:57,9
DA:59,9
DA:60,9
DA:61,9
DA:63,9
DA:64,15
DA:65,15
DA:67,15
DA:69,15
DA:71,9
DA:76,9
DA:77,9
DA:78,9
DA:79,3
DA:81,6
DA:82,6
DA:84,6
DA:85,6
DA:90,6
DA:93,6
DA:94,6
DA:95,6
DA:98,1
DA:101,5
DA:110,17
DA:111,2
DA:113,15
DA:115,11
DA:131,11
DA:132,11
DA:133,11
DA:134,143
DA:135,20
DA:136,20
DA:139,11
DA:142,1
DA:143,0
DA:144,0
DA:148,1
LF:65
LH:63
BRDA:4,0,0,1
BRDA:4,0,1,1
BRDA:9,1,0,1
BRDA:9,1,1,2
BRDA:14,2,0,1
BRDA:14,2,1,1
BRDA:24,3,0,1
BRDA:24,3,1,3
BRDA:29,4,0,1
BRDA:29,4,1,2
BRDA:34,5,0,1
BRDA:34,5,1,1
BRDA:48,6,0,1
BRDA:48,6,1,10
BRDA:51,7,0,1
BRDA:51,7,1,9
BRDA:57,8,0,0
BRDA:57,8,1,9
BRDA:65,9,0,13
BRDA:65,9,1,2
BRDA:67,10,0,0
BRDA:67,10,1,15
BRDA:69,11,0,9
BRDA:69,11,1,6
BRDA:78,12,0,3
BRDA:78,12,1,6
BRDA:78,13,0,9
BRDA:78,13,1,8
BRDA:90,14,0,0
BRDA:90,14,1,6
BRDA:90,15,0,6
BRDA:90,15,1,6
BRDA:94,16,0,0
BRDA:94,16,1,6
BRDA:95,17,0,1
BRDA:95,17,1,5
BRDA:98,18,0,1
BRDA:98,18,1,0
BRDA:110,19,0,2
BRDA:110,19,1,15
BRDA:110,20,0,17
BRDA:110,20,1,16
BRDA:113,21,0,4
BRDA:113,21,1,11
BRDA:113,22,0,15
BRDA:113,22,1,13
BRDA:142,23,0,0
BRDA:142,23,1,1
BRF:48
BRH:42
end_of_record
